This is pdfTeX, Version 3.14159265-2.6-1.40.20 (MiKTeX 2.9.7200 64-bit) (preloaded format=pdflatex 2019.10.22)  10 DEC 2019 01:12
entering extended mode
**./Abgabe.tex
(Abgabe.tex
LaTeX2e <2019-10-01>
\@input{Definition.aux}
\openout2 = `Definition.aux'.

(Definition.tex
("C:\Users\Daniel\AppData\Local\Programs\MiKTeX 2.9\tex/latex/koma-script\scrar
tcl.cls"
Document Class: scrartcl 2019/10/12 v3.27 KOMA-Script document class (article)

("C:\Users\Daniel\AppData\Local\Programs\MiKTeX 2.9\tex/latex/koma-script\scrkb
ase.sty"
Package: scrkbase 2019/10/12 v3.27 KOMA-Script package (KOMA-Script-dependent b
asics and keyval usage)

("C:\Users\Daniel\AppData\Local\Programs\MiKTeX 2.9\tex/latex/koma-script\scrba
se.sty"
Package: scrbase 2019/10/12 v3.27 KOMA-Script package (KOMA-Script-independent 
basics and keyval usage)

("C:\Users\Daniel\AppData\Local\Programs\MiKTeX 2.9\tex/latex/graphics\keyval.s
ty"
Package: keyval 2014/10/28 v1.15 key=value parser (DPC)
\KV@toks@=\toks14
)
("C:\Users\Daniel\AppData\Local\Programs\MiKTeX 2.9\tex/latex/koma-script\scrlf
ile.sty"
Package: scrlfile 2019/10/12 v3.27 KOMA-Script package (loading files)
)))
("C:\Users\Daniel\AppData\Local\Programs\MiKTeX 2.9\tex/latex/koma-script\tocba
sic.sty"
Package: tocbasic 2019/10/12 v3.27 KOMA-Script package (handling toc-files)
\scr@dte@tocline@numberwidth=\skip41
\scr@dte@tocline@numbox=\box27
)
Package tocbasic Info: omitting babel extension for `toc'
(tocbasic)             because of feature `nobabel' available
(tocbasic)             for `toc' on input line 137.
Package scrartcl Info: You've used standard option `12pt'.
(scrartcl)             This is correct!
(scrartcl)             Internally I'm using `fontsize=12pt'.
(scrartcl)             If you'd like to set the option with \KOMAoptions,
(scrartcl)             you'd have to use `fontsize=12pt' there
(scrartcl)             instead of `12pt', too.
Class scrartcl Info: File `scrsize12pt.clo' used to setup font sizes on input l
ine 2208.

("C:\Users\Daniel\AppData\Local\Programs\MiKTeX 2.9\tex/latex/koma-script\scrsi
ze12pt.clo"
File: scrsize12pt.clo 2019/10/12 v3.27 KOMA-Script font size class option (12pt
)
)
("C:\Users\Daniel\AppData\Local\Programs\MiKTeX 2.9\tex/latex/koma-script\typea
rea.sty"
Package: typearea 2019/10/12 v3.27 KOMA-Script package (type area)
\ta@bcor=\skip42
\ta@div=\count80
Package typearea Info: You've used standard option `a4paper'.
(typearea)             This is correct!
(typearea)             Internally I'm using `paper=a4'.
(typearea)             If you'd like to set the option with \KOMAoptions,
(typearea)             you'd have to use `paper=a4' there
(typearea)             instead of `a4paper', too.
\ta@hblk=\skip43
\ta@vblk=\skip44
\ta@temp=\skip45
\footheight=\skip46
Package typearea Info: These are the values describing the layout:
(typearea)             DIV  = 12
(typearea)             BCOR = 0.0pt
(typearea)             \paperwidth      = 597.50793pt
(typearea)              \textwidth      = 448.13095pt
(typearea)              DIV departure   = -6%
(typearea)              \evensidemargin = 2.4185pt
(typearea)              \oddsidemargin  = 2.4185pt
(typearea)             \paperheight     = 845.04694pt
(typearea)              \textheight     = 635.5pt
(typearea)              \topmargin      = -41.72441pt
(typearea)              \headheight     = 18.125pt
(typearea)              \headsep        = 21.75pt
(typearea)              \topskip        = 12.0pt
(typearea)              \footskip       = 50.75pt
(typearea)              \baselineskip   = 14.5pt
(typearea)              on input line 1716.
)
\c@part=\count81
\c@section=\count82
\c@subsection=\count83
\c@subsubsection=\count84
\c@paragraph=\count85
\c@subparagraph=\count86
\scr@dte@section@maxnumwidth=\skip47
Class scrartcl Info: using compatibility default `runin=bysign'
(scrartcl)           for `\section on input line 4702.
Class scrartcl Info: using compatibility default `afterindent=bysign'
(scrartcl)           for `\section on input line 4702.
\scr@dte@part@maxnumwidth=\skip48
Class scrartcl Info: using compatibility default `afterindent=false'
(scrartcl)           for `\part on input line 4710.
\scr@dte@subsection@maxnumwidth=\skip49
Class scrartcl Info: using compatibility default `runin=bysign'
(scrartcl)           for `\subsection on input line 4720.
Class scrartcl Info: using compatibility default `afterindent=bysign'
(scrartcl)           for `\subsection on input line 4720.
\scr@dte@subsubsection@maxnumwidth=\skip50
Class scrartcl Info: using compatibility default `runin=bysign'
(scrartcl)           for `\subsubsection on input line 4730.
Class scrartcl Info: using compatibility default `afterindent=bysign'
(scrartcl)           for `\subsubsection on input line 4730.
\scr@dte@paragraph@maxnumwidth=\skip51
Class scrartcl Info: using compatibility default `runin=bysign'
(scrartcl)           for `\paragraph on input line 4740.
Class scrartcl Info: using compatibility default `afterindent=bysign'
(scrartcl)           for `\paragraph on input line 4740.
\scr@dte@subparagraph@maxnumwidth=\skip52
Class scrartcl Info: using compatibility default `runin=bysign'
(scrartcl)           for `\subparagraph on input line 4750.
Class scrartcl Info: using compatibility default `afterindent=bysign'
(scrartcl)           for `\subparagraph on input line 4750.
\abovecaptionskip=\skip53
\belowcaptionskip=\skip54
\c@pti@nb@sid@b@x=\box28
Package tocbasic Info: omitting babel extension for `lof'
(tocbasic)             because of feature `nobabel' available
(tocbasic)             for `lof' on input line 5969.
\scr@dte@figure@maxnumwidth=\skip55
\c@figure=\count87
Package tocbasic Info: omitting babel extension for `lot'
(tocbasic)             because of feature `nobabel' available
(tocbasic)             for `lot' on input line 5981.
\scr@dte@table@maxnumwidth=\skip56
\c@table=\count88
Class scrartcl Info: Redefining `\numberline' on input line 6145.
\bibindent=\dimen102
)
("C:\Users\Daniel\AppData\Local\Programs\MiKTeX 2.9\tex/latex/geometry\geometry
.sty"
Package: geometry 2018/04/16 v5.8 Page Geometry

("C:\Users\Daniel\AppData\Local\Programs\MiKTeX 2.9\tex/generic/oberdiek\ifpdf.
sty"
Package: ifpdf 2018/09/07 v3.3 Provides the ifpdf switch
)
("C:\Users\Daniel\AppData\Local\Programs\MiKTeX 2.9\tex/generic/oberdiek\ifvtex
.sty"
Package: ifvtex 2016/05/16 v1.6 Detect VTeX and its facilities (HO)
Package ifvtex Info: VTeX not detected.
)
("C:\Users\Daniel\AppData\Local\Programs\MiKTeX 2.9\tex/generic/ifxetex\ifxetex
.sty"
Package: ifxetex 2010/09/12 v0.6 Provides ifxetex conditional
)
\Gm@cnth=\count89
\Gm@cntv=\count90
\c@Gm@tempcnt=\count91
\Gm@bindingoffset=\dimen103
\Gm@wd@mp=\dimen104
\Gm@odd@mp=\dimen105
\Gm@even@mp=\dimen106
\Gm@layoutwidth=\dimen107
\Gm@layoutheight=\dimen108
\Gm@layouthoffset=\dimen109
\Gm@layoutvoffset=\dimen110
\Gm@dimlist=\toks15

("C:\Users\Daniel\AppData\Local\Programs\MiKTeX 2.9\tex/latex/geometry\geometry
.cfg"))
("C:\Users\Daniel\AppData\Local\Programs\MiKTeX 2.9\tex/generic/babel\babel.sty
"
Package: babel 2019/09/27 3.34 The Babel package

("C:\Users\Daniel\AppData\Local\Programs\MiKTeX 2.9\tex/generic/babel\switch.de
f"
File: switch.def 2019/09/27 3.34 Babel switching mechanism
)
*************************************
* Local config file bblopts.cfg used
*
("C:\Users\Daniel\AppData\Local\Programs\MiKTeX 2.9\tex/latex/arabi\bblopts.cfg
"
File: bblopts.cfg 2005/09/08 v0.1 add Arabic and Farsi to "declared" options of
 babel
)
("C:\Users\Daniel\AppData\Local\Programs\MiKTeX 2.9\tex/latex/babel-english\eng
lish.ldf"
Language: english 2017/06/06 v3.3r English support from the babel system

("C:\Users\Daniel\AppData\Local\Programs\MiKTeX 2.9\tex/generic/babel\babel.def
"
File: babel.def 2019/09/27 3.34 Babel common definitions
\babel@savecnt=\count92
\U@D=\dimen111

("C:\Users\Daniel\AppData\Local\Programs\MiKTeX 2.9\tex/generic/babel\txtbabel.
def")
\bbl@dirlevel=\count93
)
\l@canadian = a dialect from \language\l@american 
\l@australian = a dialect from \language\l@british 
\l@newzealand = a dialect from \language\l@british 
))
("C:\Users\Daniel\AppData\Local\Programs\MiKTeX 2.9\tex/latex/base\inputenc.sty
"
Package: inputenc 2018/08/11 v1.3c Input encoding file
\inpenc@prehook=\toks16
\inpenc@posthook=\toks17
) ("C:\Users\Daniel\AppData\Local\Programs\MiKTeX 2.9\tex/latex/ucs\ucs.sty"
Package: ucs 2013/05/11 v2.2 UCS: Unicode input support

("C:\Users\Daniel\AppData\Local\Programs\MiKTeX 2.9\tex/latex/ucs\uni-global.de
f"
File: uni-global.def 2013/05/13 UCS: Unicode global data
)
\uc@secondtry=\count94
\uc@combtoks=\toks18
\uc@combtoksb=\toks19
\uc@temptokena=\toks20
)
("C:\Users\Daniel\AppData\Local\Programs\MiKTeX 2.9\tex/latex/xcolor\xcolor.sty
"
Package: xcolor 2016/05/11 v2.12 LaTeX color extensions (UK)

("C:\Users\Daniel\AppData\Local\Programs\MiKTeX 2.9\tex/latex/graphics-cfg\colo
r.cfg"
File: color.cfg 2016/01/02 v1.6 sample color configuration
)
Package xcolor Info: Package option `usenames' ignored on input line 216.
Package xcolor Info: Driver file: pdftex.def on input line 225.

("C:\Users\Daniel\AppData\Local\Programs\MiKTeX 2.9\tex/latex/graphics-def\pdft
ex.def"
File: pdftex.def 2018/01/08 v1.0l Graphics/color driver for pdftex
)
Package xcolor Info: Model `cmy' substituted by `cmy0' on input line 1348.
Package xcolor Info: Model `hsb' substituted by `rgb' on input line 1352.
Package xcolor Info: Model `RGB' extended on input line 1364.
Package xcolor Info: Model `HTML' substituted by `rgb' on input line 1366.
Package xcolor Info: Model `Hsb' substituted by `hsb' on input line 1367.
Package xcolor Info: Model `tHsb' substituted by `hsb' on input line 1368.
Package xcolor Info: Model `HSB' substituted by `hsb' on input line 1369.
Package xcolor Info: Model `Gray' substituted by `gray' on input line 1370.
Package xcolor Info: Model `wave' substituted by `hsb' on input line 1371.

("C:\Users\Daniel\AppData\Local\Programs\MiKTeX 2.9\tex/latex/graphics\dvipsnam
.def"
File: dvipsnam.def 2016/06/17 v3.0m Driver-dependent file (DPC,SPQR)
))
("C:\Users\Daniel\AppData\Local\Programs\MiKTeX 2.9\tex/latex/amsmath\amsmath.s
ty"
Package: amsmath 2019/04/01 v2.17c AMS math features
\@mathmargin=\skip57

For additional information on amsmath, use the `?' option.

("C:\Users\Daniel\AppData\Local\Programs\MiKTeX 2.9\tex/latex/amsmath\amstext.s
ty"
Package: amstext 2000/06/29 v2.01 AMS text

("C:\Users\Daniel\AppData\Local\Programs\MiKTeX 2.9\tex/latex/amsmath\amsgen.st
y"
File: amsgen.sty 1999/11/30 v2.0 generic functions
\@emptytoks=\toks21
\ex@=\dimen112
))
("C:\Users\Daniel\AppData\Local\Programs\MiKTeX 2.9\tex/latex/amsmath\amsbsy.st
y"
Package: amsbsy 1999/11/29 v1.2d Bold Symbols
\pmbraise@=\dimen113
)
("C:\Users\Daniel\AppData\Local\Programs\MiKTeX 2.9\tex/latex/amsmath\amsopn.st
y"
Package: amsopn 2016/03/08 v2.02 operator names
)
\inf@bad=\count95
LaTeX Info: Redefining \frac on input line 227.
\uproot@=\count96
\leftroot@=\count97
LaTeX Info: Redefining \overline on input line 389.
\classnum@=\count98
\DOTSCASE@=\count99
LaTeX Info: Redefining \ldots on input line 486.
LaTeX Info: Redefining \dots on input line 489.
LaTeX Info: Redefining \cdots on input line 610.
\Mathstrutbox@=\box29
\strutbox@=\box30
\big@size=\dimen114
LaTeX Font Info:    Redeclaring font encoding OML on input line 733.
LaTeX Font Info:    Redeclaring font encoding OMS on input line 734.
\macc@depth=\count100
\c@MaxMatrixCols=\count101
\dotsspace@=\muskip10
\c@parentequation=\count102
\dspbrk@lvl=\count103
\tag@help=\toks22
\row@=\count104
\column@=\count105
\maxfields@=\count106
\andhelp@=\toks23
\eqnshift@=\dimen115
\alignsep@=\dimen116
\tagshift@=\dimen117
\tagwidth@=\dimen118
\totwidth@=\dimen119
\lineht@=\dimen120
\@envbody=\toks24
\multlinegap=\skip58
\multlinetaggap=\skip59
\mathdisplay@stack=\toks25
LaTeX Info: Redefining \[ on input line 2855.
LaTeX Info: Redefining \] on input line 2856.
)
("C:\Users\Daniel\AppData\Local\Programs\MiKTeX 2.9\tex/latex/amsfonts\amsfonts
.sty"
Package: amsfonts 2013/01/14 v3.01 Basic AMSFonts support
\symAMSa=\mathgroup4
\symAMSb=\mathgroup5
LaTeX Font Info:    Redeclaring math symbol \hbar on input line 98.
LaTeX Font Info:    Overwriting math alphabet `\mathfrak' in version `bold'
(Font)                  U/euf/m/n --> U/euf/b/n on input line 106.
)
("C:\Users\Daniel\AppData\Local\Programs\MiKTeX 2.9\tex/latex/amsfonts\amssymb.
sty"
Package: amssymb 2013/01/14 v3.01 AMS font symbols
)
("C:\Users\Daniel\AppData\Local\Programs\MiKTeX 2.9\tex/latex/listings\listings
.sty"
\lst@mode=\count107
\lst@gtempboxa=\box31
\lst@token=\toks26
\lst@length=\count108
\lst@currlwidth=\dimen121
\lst@column=\count109
\lst@pos=\count110
\lst@lostspace=\dimen122
\lst@width=\dimen123
\lst@newlines=\count111
\lst@lineno=\count112
\lst@maxwidth=\dimen124

("C:\Users\Daniel\AppData\Local\Programs\MiKTeX 2.9\tex/latex/listings\lstmisc.
sty"
File: lstmisc.sty 2019/09/10 1.8c (Carsten Heinz)
\c@lstnumber=\count113
\lst@skipnumbers=\count114
\lst@framebox=\box32
)
("C:\Users\Daniel\AppData\Local\Programs\MiKTeX 2.9\tex/latex/listings\listings
.cfg"
File: listings.cfg 2019/09/10 1.8c listings configuration
))
Package: listings 2019/09/10 1.8c (Carsten Heinz)

("C:\Users\Daniel\AppData\Local\Programs\MiKTeX 2.9\tex/latex/hyperref\hyperref
.sty"
Package: hyperref 2019/09/28 v7.00a Hypertext links for LaTeX

("C:\Users\Daniel\AppData\Local\Programs\MiKTeX 2.9\tex/generic/oberdiek\hobsub
-hyperref.sty"
Package: hobsub-hyperref 2016/05/16 v1.14 Bundle oberdiek, subset hyperref (HO)


("C:\Users\Daniel\AppData\Local\Programs\MiKTeX 2.9\tex/generic/oberdiek\hobsub
-generic.sty"
Package: hobsub-generic 2016/05/16 v1.14 Bundle oberdiek, subset generic (HO)
Package: hobsub 2016/05/16 v1.14 Construct package bundles (HO)
Package: infwarerr 2016/05/16 v1.4 Providing info/warning/error messages (HO)
Package: ltxcmds 2016/05/16 v1.23 LaTeX kernel commands for general use (HO)
Package: ifluatex 2016/05/16 v1.4 Provides the ifluatex switch (HO)
Package ifluatex Info: LuaTeX not detected.
Package hobsub Info: Skipping package `ifvtex' (already loaded).
Package: intcalc 2016/05/16 v1.2 Expandable calculations with integers (HO)
Package hobsub Info: Skipping package `ifpdf' (already loaded).
Package: etexcmds 2016/05/16 v1.6 Avoid name clashes with e-TeX commands (HO)
Package: kvsetkeys 2016/05/16 v1.17 Key value parser (HO)
Package: kvdefinekeys 2016/05/16 v1.4 Define keys (HO)
Package: pdftexcmds 2019/07/25 v0.30 Utility functions of pdfTeX for LuaTeX (HO
)
Package pdftexcmds Info: LuaTeX not detected.
Package pdftexcmds Info: \pdf@primitive is available.
Package pdftexcmds Info: \pdf@ifprimitive is available.
Package pdftexcmds Info: \pdfdraftmode found.
Package: pdfescape 2016/05/16 v1.14 Implements pdfTeX's escape features (HO)
Package: bigintcalc 2016/05/16 v1.4 Expandable calculations on big integers (HO
)
Package: bitset 2016/05/16 v1.2 Handle bit-vector datatype (HO)
Package: uniquecounter 2016/05/16 v1.3 Provide unlimited unique counter (HO)
)
Package hobsub Info: Skipping package `hobsub' (already loaded).
Package: letltxmacro 2016/05/16 v1.5 Let assignment for LaTeX macros (HO)
Package: hopatch 2016/05/16 v1.3 Wrapper for package hooks (HO)
Package: xcolor-patch 2016/05/16 xcolor patch
Package: atveryend 2016/05/16 v1.9 Hooks at the very end of document (HO)
Package atveryend Info: \enddocument detected (standard20110627).
Package: atbegshi 2016/06/09 v1.18 At begin shipout hook (HO)
Package: refcount 2016/05/16 v3.5 Data extraction from label references (HO)
Package: hycolor 2016/05/16 v1.8 Color options for hyperref/bookmark (HO)
)
("C:\Users\Daniel\AppData\Local\Programs\MiKTeX 2.9\tex/latex/oberdiek\auxhook.
sty"
Package: auxhook 2016/05/16 v1.4 Hooks for auxiliary files (HO)
)
("C:\Users\Daniel\AppData\Local\Programs\MiKTeX 2.9\tex/latex/oberdiek\kvoption
s.sty"
Package: kvoptions 2016/05/16 v3.12 Key value format for package options (HO)
)
\@linkdim=\dimen125
\Hy@linkcounter=\count115
\Hy@pagecounter=\count116

("C:\Users\Daniel\AppData\Local\Programs\MiKTeX 2.9\tex/latex/hyperref\pd1enc.d
ef"
File: pd1enc.def 2019/09/28 v7.00a Hyperref: PDFDocEncoding definition (HO)
Now handling font encoding PD1 ...
... no UTF-8 mapping file for font encoding PD1
)
\Hy@SavedSpaceFactor=\count117

("C:\Users\Daniel\AppData\Local\Programs\MiKTeX 2.9\tex/latex/00miktex\hyperref
.cfg"
File: hyperref.cfg 2002/06/06 v1.2 hyperref configuration of TeXLive
)
Package hyperref Info: Hyper figures OFF on input line 4540.
Package hyperref Info: Link nesting OFF on input line 4545.
Package hyperref Info: Hyper index ON on input line 4548.
Package hyperref Info: Plain pages OFF on input line 4555.
Package hyperref Info: Backreferencing OFF on input line 4560.
Package hyperref Info: Implicit mode ON; LaTeX internals redefined.
Package hyperref Info: Bookmarks ON on input line 4793.
\c@Hy@tempcnt=\count118
 ("C:\Users\Daniel\AppData\Local\Programs\MiKTeX 2.9\tex/latex/url\url.sty"
\Urlmuskip=\muskip11
Package: url 2013/09/16  ver 3.4  Verb mode for urls, etc.
)
LaTeX Info: Redefining \url on input line 5152.
\XeTeXLinkMargin=\dimen126
\Fld@menulength=\count119
\Field@Width=\dimen127
\Fld@charsize=\dimen128
Package hyperref Info: Hyper figures OFF on input line 6423.
Package hyperref Info: Link nesting OFF on input line 6428.
Package hyperref Info: Hyper index ON on input line 6431.
Package hyperref Info: backreferencing OFF on input line 6438.
Package hyperref Info: Link coloring OFF on input line 6443.
Package hyperref Info: Link coloring with OCG OFF on input line 6448.
Package hyperref Info: PDF/A mode OFF on input line 6453.
LaTeX Info: Redefining \ref on input line 6493.
LaTeX Info: Redefining \pageref on input line 6497.
\Hy@abspage=\count120
\c@Item=\count121
\c@Hfootnote=\count122
)
Package hyperref Info: Driver (autodetected): hpdftex.

("C:\Users\Daniel\AppData\Local\Programs\MiKTeX 2.9\tex/latex/hyperref\hpdftex.
def"
File: hpdftex.def 2019/09/28 v7.00a Hyperref driver for pdfTeX
\Fld@listcount=\count123
\c@bookmark@seq@number=\count124

("C:\Users\Daniel\AppData\Local\Programs\MiKTeX 2.9\tex/latex/oberdiek\rerunfil
echeck.sty"
Package: rerunfilecheck 2016/05/16 v1.8 Rerun checks for auxiliary files (HO)
Package uniquecounter Info: New unique counter `rerunfilecheck' on input line 2
82.
)
\Hy@SectionHShift=\skip60
)
("C:\Users\Daniel\AppData\Local\Programs\MiKTeX 2.9\tex/latex/koma-script\scrpa
ge2.sty"
Package: scrpage2 2019/10/12 v3.27 KOMA-Script package (page head and foot)


Package scrpage2 Warning: usage of obsolete package!
(scrpage2)                Package `scrpage2' is obsolete.
(scrpage2)                You should not longer use package `scrpage2'.
(scrpage2)                You should replace usage of package `scrpage2'
(scrpage2)                by `scrlayer-scrpage' on input line 52.

LaTeX Info: Redefining \pagemark on input line 180.
)
("C:\Users\Daniel\AppData\Local\Programs\MiKTeX 2.9\tex/latex/graphics\graphicx
.sty"
Package: graphicx 2017/06/01 v1.1a Enhanced LaTeX Graphics (DPC,SPQR)

("C:\Users\Daniel\AppData\Local\Programs\MiKTeX 2.9\tex/latex/graphics\graphics
.sty"
Package: graphics 2019/07/20 v1.3b Standard LaTeX Graphics (DPC,SPQR)

("C:\Users\Daniel\AppData\Local\Programs\MiKTeX 2.9\tex/latex/graphics\trig.sty
"
Package: trig 2016/01/03 v1.10 sin cos tan (DPC)
)
("C:\Users\Daniel\AppData\Local\Programs\MiKTeX 2.9\tex/latex/graphics-cfg\grap
hics.cfg"
File: graphics.cfg 2016/06/04 v1.11 sample graphics configuration
)
Package graphics Info: Driver file: pdftex.def on input line 105.
)
\Gin@req@height=\dimen129
\Gin@req@width=\dimen130
)
("C:\Users\Daniel\AppData\Local\Programs\MiKTeX 2.9\tex/latex/pdfpages\pdfpages
.sty"
Package: pdfpages 2019/09/21 v0.5n Insert pages of external PDF documents (AM)

("C:\Users\Daniel\AppData\Local\Programs\MiKTeX 2.9\tex/latex/base\ifthen.sty"
Package: ifthen 2014/09/29 v1.1c Standard LaTeX ifthen package (DPC)
) ("C:\Users\Daniel\AppData\Local\Programs\MiKTeX 2.9\tex/latex/tools\calc.sty"
Package: calc 2017/05/25 v4.3 Infix arithmetic (KKT,FJ)
\calc@Acount=\count125
\calc@Bcount=\count126
\calc@Adimen=\dimen131
\calc@Bdimen=\dimen132
\calc@Askip=\skip61
\calc@Bskip=\skip62
LaTeX Info: Redefining \setlength on input line 80.
LaTeX Info: Redefining \addtolength on input line 81.
\calc@Ccount=\count127
\calc@Cskip=\skip63
)
("C:\Users\Daniel\AppData\Local\Programs\MiKTeX 2.9\tex/latex/eso-pic\eso-pic.s
ty"
Package: eso-pic 2018/04/12 v2.0h eso-pic (RN)
)
\AM@pagewidth=\dimen133
\AM@pageheight=\dimen134

("C:\Users\Daniel\AppData\Local\Programs\MiKTeX 2.9\tex/latex/pdfpages\pppdftex
.def"
File: pppdftex.def 2019/09/21 v0.5n Pdfpages driver for pdfTeX (AM)
)
\AM@pagebox=\box33
\AM@global@opts=\toks27
\AM@toc@title=\toks28
\c@AM@survey=\count128
\AM@templatesizebox=\box34
)
("C:\Users\Daniel\AppData\Local\Programs\MiKTeX 2.9\tex/latex/listings\lstlang1
.sty"
File: lstlang1.sty 2019/09/10 1.8c listings language file
)
("C:\Users\Daniel\AppData\Local\Programs\MiKTeX 2.9\tex/latex/listings\lstmisc.
sty"
File: lstmisc.sty 2019/09/10 1.8c (Carsten Heinz)
)) (Abgabe.aux)
\openout1 = `Abgabe.aux'.

LaTeX Font Info:    Checking defaults for OML/cmm/m/it on input line 3.
LaTeX Font Info:    ... okay on input line 3.
LaTeX Font Info:    Checking defaults for T1/cmr/m/n on input line 3.
LaTeX Font Info:    ... okay on input line 3.
LaTeX Font Info:    Checking defaults for OT1/cmr/m/n on input line 3.
LaTeX Font Info:    ... okay on input line 3.
LaTeX Font Info:    Checking defaults for OMS/cmsy/m/n on input line 3.
LaTeX Font Info:    ... okay on input line 3.
LaTeX Font Info:    Checking defaults for OMX/cmex/m/n on input line 3.
LaTeX Font Info:    ... okay on input line 3.
LaTeX Font Info:    Checking defaults for U/cmr/m/n on input line 3.
LaTeX Font Info:    ... okay on input line 3.
LaTeX Font Info:    Checking defaults for PD1/pdf/m/n on input line 3.
LaTeX Font Info:    ... okay on input line 3.
Package scrbase Info: activating english \contentsname on input line 3.
Package scrbase Info: activating english \listfigurename on input line 3.
Package scrbase Info: activating english \listtablename on input line 3.

*geometry* driver: auto-detecting
*geometry* detected driver: pdftex
*geometry* verbose mode - [ preamble ] result:
* driver: pdftex
* paper: a4paper
* layout: <same size as paper>
* layoutoffset:(h,v)=(0.0pt,0.0pt)
* modes: includehead includefoot 
* h-part:(L,W,R)=(56.9055pt, 512.14963pt, 28.45274pt)
* v-part:(T,H,B)=(28.45274pt, 788.14136pt, 28.45274pt)
* \paperwidth=597.50787pt
* \paperheight=845.04684pt
* \textwidth=512.14963pt
* \textheight=697.51636pt
* \oddsidemargin=-15.36449pt
* \evensidemargin=-15.36449pt
* \topmargin=-43.81725pt
* \headheight=18.125pt
* \headsep=21.75pt
* \topskip=12.0pt
* \footskip=50.75pt
* \marginparwidth=49.79233pt
* \marginparsep=12.8401pt
* \columnsep=10.0pt
* \skip\footins=10.8pt plus 4.0pt minus 2.0pt
* \hoffset=0.0pt
* \voffset=0.0pt
* \mag=1000
* \@twocolumnfalse
* \@twosidefalse
* \@mparswitchfalse
* \@reversemarginfalse
* (1in=72.27pt=25.4mm, 1cm=28.453pt)

("C:\Users\Daniel\AppData\Local\Programs\MiKTeX 2.9\tex/latex/ucs\ucsencs.def"
File: ucsencs.def 2011/01/21 Fixes to fontencodings LGR, T3
)
("C:\Users\Daniel\AppData\Local\Programs\MiKTeX 2.9\tex/context/base/mkii\supp-
pdf.mkii"
[Loading MPS to PDF converter (version 2006.09.02).]
\scratchcounter=\count129
\scratchdimen=\dimen135
\scratchbox=\box35
\nofMPsegments=\count130
\nofMParguments=\count131
\everyMPshowfont=\toks29
\MPscratchCnt=\count132
\MPscratchDim=\dimen136
\MPnumerator=\count133
\makeMPintoPDFobject=\count134
\everyMPtoPDFconversion=\toks30
)
("C:\Users\Daniel\AppData\Local\Programs\MiKTeX 2.9\tex/latex/oberdiek\epstopdf
-base.sty"
Package: epstopdf-base 2016/05/15 v2.6 Base part for package epstopdf

("C:\Users\Daniel\AppData\Local\Programs\MiKTeX 2.9\tex/latex/oberdiek\grfext.s
ty"
Package: grfext 2016/05/16 v1.2 Manage graphics extensions (HO)
)
Package epstopdf-base Info: Redefining graphics rule for `.eps' on input line 4
38.
Package grfext Info: Graphics extension search list:
(grfext)             [.pdf,.png,.jpg,.mps,.jpeg,.jbig2,.jb2,.PDF,.PNG,.JPG,.JPE
G,.JBIG2,.JB2,.eps]
(grfext)             \AppendGraphicsExtensions on input line 456.
)
\c@lstlisting=\count135
\AtBeginShipoutBox=\box36
Package hyperref Info: Link coloring OFF on input line 3.

("C:\Users\Daniel\AppData\Local\Programs\MiKTeX 2.9\tex/latex/hyperref\nameref.
sty"
Package: nameref 2019/09/16 v2.46 Cross-referencing by name of section

("C:\Users\Daniel\AppData\Local\Programs\MiKTeX 2.9\tex/generic/oberdiek\gettit
lestring.sty"
Package: gettitlestring 2016/05/16 v1.5 Cleanup title references (HO)
)
\c@section@level=\count136
)
LaTeX Info: Redefining \ref on input line 3.
LaTeX Info: Redefining \pageref on input line 3.
LaTeX Info: Redefining \nameref on input line 3.
 (Abgabe.out) (Abgabe.out)
\@outlinefile=\write3
\openout3 = `Abgabe.out'.

Class scrartcl Info: loading recommended package `bookmark'.
(scrartcl)           Using `bookmark' together with `hyperref' is recommended,
(scrartcl)           because of handling of possible bookmark level gaps.
(scrartcl)           You can avoid loading `bookmark' with KOMA-Script option
(scrartcl)           `bookmarkpackage=false' before \begin{document} and
(scrartcl)           you can avoid this message adding:
(scrartcl)             \usepackage{bookmark}
(scrartcl)           before \begin{document} on input line 3.

("C:\Users\Daniel\AppData\Local\Programs\MiKTeX 2.9\tex/latex/oberdiek\bookmark
.sty"
Package: bookmark 2019/06/04 v1.27 PDF bookmarks (HO)

("C:\Users\Daniel\AppData\Local\Programs\MiKTeX 2.9\tex/latex/oberdiek\bkm-pdft
ex.def"
File: bkm-pdftex.def 2019/06/04 v1.27 bookmark driver for pdfTeX (HO)
Package auxhook Info: \AddLineBeginMainAux comes a little late,
(auxhook)             because the main .aux file is already opened on input lin
e 164.
\BKM@id=\count137
))
("C:\Users\Daniel\AppData\Local\Programs\MiKTeX 2.9\tex/latex/oberdiek\pdflscap
e.sty"
Package: pdflscape 2016/05/14 v0.11 Display of landscape pages in PDF (HO)

("C:\Users\Daniel\AppData\Local\Programs\MiKTeX 2.9\tex/latex/graphics\lscape.s
ty"
Package: lscape 2000/10/22 v3.01 Landscape Pages (DPC)
)
Package pdflscape Info: Auto-detected driver: pdftex on input line 81.
)
<Angabe.pdf, id=3, 597.50829pt x 845.0471pt>
File: Angabe.pdf Graphic file (type pdf)
<use Angabe.pdf>
Package pdftex.def Info: Angabe.pdf  used on input line 6.
(pdftex.def)             Requested size: 597.50682pt x 845.04504pt.
File: Angabe.pdf Graphic file (type pdf)
<use Angabe.pdf>
Package pdftex.def Info: Angabe.pdf  used on input line 6.
(pdftex.def)             Requested size: 597.50682pt x 845.04504pt.
<Angabe.pdf, id=6, page=1, 597.50829pt x 845.0471pt>
File: Angabe.pdf Graphic file (type pdf)
<use Angabe.pdf, page 1>
Package pdftex.def Info: Angabe.pdf , page1 used on input line 6.
(pdftex.def)             Requested size: 597.50682pt x 845.04504pt.
File: Angabe.pdf Graphic file (type pdf)
<use Angabe.pdf, page 1>
Package pdftex.def Info: Angabe.pdf , page1 used on input line 6.
(pdftex.def)             Requested size: 597.53416pt x 845.08372pt.
File: Angabe.pdf Graphic file (type pdf)
<use Angabe.pdf, page 1>
Package pdftex.def Info: Angabe.pdf , page1 used on input line 6.
(pdftex.def)             Requested size: 597.53416pt x 845.08372pt.
File: Angabe.pdf Graphic file (type pdf)
<use Angabe.pdf, page 1>
Package pdftex.def Info: Angabe.pdf , page1 used on input line 6.
(pdftex.def)             Requested size: 597.53416pt x 845.08372pt.
File: Angabe.pdf Graphic file (type pdf)
<use Angabe.pdf, page 1>
Package pdftex.def Info: Angabe.pdf , page1 used on input line 6.
(pdftex.def)             Requested size: 597.53416pt x 845.08372pt.
 [1



 <./Angabe.pdf{C:/Users/Daniel/AppData/Local/MiKTeX/2.9/pdftex/config/pdftex.ma
p}>]
<Angabe.pdf, id=55, page=2, 597.50829pt x 845.0471pt>
File: Angabe.pdf Graphic file (type pdf)
<use Angabe.pdf, page 2>
Package pdftex.def Info: Angabe.pdf , page2 used on input line 6.
(pdftex.def)             Requested size: 597.53416pt x 845.08372pt.
File: Angabe.pdf Graphic file (type pdf)
<use Angabe.pdf, page 2>
Package pdftex.def Info: Angabe.pdf , page2 used on input line 6.
(pdftex.def)             Requested size: 597.53416pt x 845.08372pt.
File: Angabe.pdf Graphic file (type pdf)
<use Angabe.pdf, page 2>
Package pdftex.def Info: Angabe.pdf , page2 used on input line 6.
(pdftex.def)             Requested size: 597.53416pt x 845.08372pt.
 [2 <./Angabe.pdf>]
LaTeX Font Info:    Trying to load font information for U+msa on input line 17.


("C:\Users\Daniel\AppData\Local\Programs\MiKTeX 2.9\tex/latex/amsfonts\umsa.fd"
File: umsa.fd 2013/01/14 v3.01 AMS symbols A
)
LaTeX Font Info:    Trying to load font information for U+msb on input line 17.

 ("C:\Users\Daniel\AppData\Local\Programs\MiKTeX 2.9\tex/latex/amsfonts\umsb.fd
"
File: umsb.fd 2013/01/14 v3.01 AMS symbols B
) [3

] (Abgabe.toc)
\tf@toc=\write4
\openout4 = `Abgabe.toc'.

 [4]
LaTeX Font Info:    Trying to load font information for OMS+cmr on input line 2
9.

("C:\Users\Daniel\AppData\Local\Programs\MiKTeX 2.9\tex/latex/base\omscmr.fd"
File: omscmr.fd 2014/09/29 v2.5h Standard LaTeX font definitions
)
LaTeX Font Info:    Font shape `OMS/cmr/m/n' in size <12> not available
(Font)              Font shape `OMS/cmsy/m/n' tried instead on input line 29.


pdfTeX warning: pdflatex (file ./ClassDiagramm1.pdf): PDF inclusion: found PDF 
version <1.7>, but at most version <1.5> allowed
<ClassDiagramm1.pdf, id=158, 597.55246pt x 845.07724pt>
File: ClassDiagramm1.pdf Graphic file (type pdf)
<use ClassDiagramm1.pdf>
Package pdftex.def Info: ClassDiagramm1.pdf  used on input line 76.
(pdftex.def)             Requested size: 388.4045pt x 549.2937pt.
[5] [6 <./ClassDiagramm1.pdf>] [7]
("C:\Users\Daniel\AppData\Local\Programs\MiKTeX 2.9\tex/latex/listings\lstlang1
.sty"
File: lstlang1.sty 2019/09/10 1.8c listings language file
)
("C:\Users\Daniel\AppData\Local\Programs\MiKTeX 2.9\tex/latex/listings\lstlang1
.sty"
File: lstlang1.sty 2019/09/10 1.8c listings language file
)
("C:\Users\Daniel\AppData\Local\Programs\MiKTeX 2.9\tex/latex/listings\lstmisc.
sty"
File: lstmisc.sty 2019/09/10 1.8c (Carsten Heinz)
)
("C:\Users\Daniel\AppData\Local\Programs\MiKTeX 2.9\tex/latex/base\ansinew.def"
File: ansinew.def 2018/08/11 v1.3c Input encoding file
) (DrivingSimulation/DrivingSimulation/output.txt)
<DigitalDisplay.jpeg, id=188, 451.6875pt x 493.845pt>
File: DigitalDisplay.jpeg Graphic file (type jpg)
<use DigitalDisplay.jpeg>
Package pdftex.def Info: DigitalDisplay.jpeg  used on input line 93.
(pdftex.def)             Requested size: 248.42888pt x 271.61559pt.
<AnalogDisplay.jpeg, id=189, 452.69125pt x 492.84125pt>
File: AnalogDisplay.jpeg Graphic file (type jpg)
<use AnalogDisplay.jpeg>
Package pdftex.def Info: AnalogDisplay.jpeg  used on input line 94.
(pdftex.def)             Requested size: 248.98096pt x 271.0635pt.
 [8] [9 <./DigitalDisplay.jpeg> <./AnalogDisplay.jpeg>]
("C:\Users\Daniel\AppData\Local\Programs\MiKTeX 2.9\tex/latex/base\ansinew.def"
File: ansinew.def 2018/08/11 v1.3c Input encoding file
) (DrivingSimulation/DrivingSimulation/Object.h
LaTeX Font Info:    Font shape `OT1/cmtt/bx/n' in size <8> not available
(Font)              Font shape `OT1/cmtt/m/n' tried instead on input line 9.
) [10]
("C:\Users\Daniel\AppData\Local\Programs\MiKTeX 2.9\tex/latex/base\ansinew.def"
File: ansinew.def 2018/08/11 v1.3c Input encoding file
) (DrivingSimulation/DrivingSimulation/Vehicle.h)
("C:\Users\Daniel\AppData\Local\Programs\MiKTeX 2.9\tex/latex/base\ansinew.def"
File: ansinew.def 2018/08/11 v1.3c Input encoding file
) (DrivingSimulation/DrivingSimulation/Vehicle.cpp [11]) [12]
("C:\Users\Daniel\AppData\Local\Programs\MiKTeX 2.9\tex/latex/base\ansinew.def"
File: ansinew.def 2018/08/11 v1.3c Input encoding file
) (DrivingSimulation/DrivingSimulation/Car.h [13])
("C:\Users\Daniel\AppData\Local\Programs\MiKTeX 2.9\tex/latex/base\ansinew.def"
File: ansinew.def 2018/08/11 v1.3c Input encoding file
) (DrivingSimulation/DrivingSimulation/Car.cpp) [14]
("C:\Users\Daniel\AppData\Local\Programs\MiKTeX 2.9\tex/latex/base\ansinew.def"
File: ansinew.def 2018/08/11 v1.3c Input encoding file
) (DrivingSimulation/DrivingSimulation/RPMSensor.h)
("C:\Users\Daniel\AppData\Local\Programs\MiKTeX 2.9\tex/latex/base\ansinew.def"
File: ansinew.def 2018/08/11 v1.3c Input encoding file
) (DrivingSimulation/DrivingSimulation/RPMSensor.cpp [15]) [16]
("C:\Users\Daniel\AppData\Local\Programs\MiKTeX 2.9\tex/latex/base\ansinew.def"
File: ansinew.def 2018/08/11 v1.3c Input encoding file
) (DrivingSimulation/DrivingSimulation/IDisplay.h) [17]
("C:\Users\Daniel\AppData\Local\Programs\MiKTeX 2.9\tex/latex/base\ansinew.def"
File: ansinew.def 2018/08/11 v1.3c Input encoding file
) (DrivingSimulation/DrivingSimulation/Speed.h)
("C:\Users\Daniel\AppData\Local\Programs\MiKTeX 2.9\tex/latex/base\ansinew.def"
File: ansinew.def 2018/08/11 v1.3c Input encoding file
) (DrivingSimulation/DrivingSimulation/Speed.cpp) [18]
("C:\Users\Daniel\AppData\Local\Programs\MiKTeX 2.9\tex/latex/base\ansinew.def"
File: ansinew.def 2018/08/11 v1.3c Input encoding file
) (DrivingSimulation/DrivingSimulation/Distance.h)
("C:\Users\Daniel\AppData\Local\Programs\MiKTeX 2.9\tex/latex/base\ansinew.def"
File: ansinew.def 2018/08/11 v1.3c Input encoding file
) (DrivingSimulation/DrivingSimulation/Distance.cpp [19]) [20]
("C:\Users\Daniel\AppData\Local\Programs\MiKTeX 2.9\tex/latex/base\ansinew.def"
File: ansinew.def 2018/08/11 v1.3c Input encoding file
) (DrivingSimulation/DrivingSimulation/WindowsDisplay.h)
("C:\Users\Daniel\AppData\Local\Programs\MiKTeX 2.9\tex/latex/base\ansinew.def"
File: ansinew.def 2018/08/11 v1.3c Input encoding file
) (DrivingSimulation/DrivingSimulation/WindowsDisplay.h [21])
("C:\Users\Daniel\AppData\Local\Programs\MiKTeX 2.9\tex/latex/base\ansinew.def"
File: ansinew.def 2018/08/11 v1.3c Input encoding file
) (DrivingSimulation/DrivingSimulation/TestDriver.cpp [22])
<refman.pdf, id=962, 597.50829pt x 845.0471pt>
File: refman.pdf Graphic file (type pdf)
<use refman.pdf>
Package pdftex.def Info: refman.pdf  used on input line 160.
(pdftex.def)             Requested size: 597.50682pt x 845.04504pt.
File: refman.pdf Graphic file (type pdf)
<use refman.pdf>
Package pdftex.def Info: refman.pdf  used on input line 160.
(pdftex.def)             Requested size: 597.50682pt x 845.04504pt.
<refman.pdf, id=965, page=7, 597.50829pt x 845.0471pt>
File: refman.pdf Graphic file (type pdf)
<use refman.pdf, page 7>
Package pdftex.def Info: refman.pdf , page7 used on input line 160.
(pdftex.def)             Requested size: 597.50682pt x 845.04504pt.
File: refman.pdf Graphic file (type pdf)
<use refman.pdf, page 7>
Package pdftex.def Info: refman.pdf , page7 used on input line 160.
(pdftex.def)             Requested size: 597.53416pt x 845.08372pt.
 [23]
File: refman.pdf Graphic file (type pdf)
<use refman.pdf, page 7>
Package pdftex.def Info: refman.pdf , page7 used on input line 160.
(pdftex.def)             Requested size: 597.53416pt x 845.08372pt.
File: refman.pdf Graphic file (type pdf)
<use refman.pdf, page 7>
Package pdftex.def Info: refman.pdf , page7 used on input line 160.
(pdftex.def)             Requested size: 597.53416pt x 845.08372pt.
File: refman.pdf Graphic file (type pdf)
<use refman.pdf, page 7>
Package pdftex.def Info: refman.pdf , page7 used on input line 160.
(pdftex.def)             Requested size: 597.53416pt x 845.08372pt.
 [24 <./refman.pdf>]
<refman.pdf, id=1014, page=8, 597.50829pt x 845.0471pt>
File: refman.pdf Graphic file (type pdf)
<use refman.pdf, page 8>
Package pdftex.def Info: refman.pdf , page8 used on input line 160.
(pdftex.def)             Requested size: 597.53416pt x 845.08372pt.
File: refman.pdf Graphic file (type pdf)
<use refman.pdf, page 8>
Package pdftex.def Info: refman.pdf , page8 used on input line 160.
(pdftex.def)             Requested size: 597.53416pt x 845.08372pt.
File: refman.pdf Graphic file (type pdf)
<use refman.pdf, page 8>
Package pdftex.def Info: refman.pdf , page8 used on input line 160.
(pdftex.def)             Requested size: 597.53416pt x 845.08372pt.
 [25 <./refman.pdf>]
<refman.pdf, id=1028, page=9, 597.50829pt x 845.0471pt>
File: refman.pdf Graphic file (type pdf)
<use refman.pdf, page 9>
Package pdftex.def Info: refman.pdf , page9 used on input line 160.
(pdftex.def)             Requested size: 597.53416pt x 845.08372pt.
File: refman.pdf Graphic file (type pdf)
<use refman.pdf, page 9>
Package pdftex.def Info: refman.pdf , page9 used on input line 160.
(pdftex.def)             Requested size: 597.53416pt x 845.08372pt.
File: refman.pdf Graphic file (type pdf)
<use refman.pdf, page 9>
Package pdftex.def Info: refman.pdf , page9 used on input line 160.
(pdftex.def)             Requested size: 597.53416pt x 845.08372pt.
 [26 <./refman.pdf>]
<refman.pdf, id=1033, page=10, 597.50829pt x 845.0471pt>
File: refman.pdf Graphic file (type pdf)
<use refman.pdf, page 10>
Package pdftex.def Info: refman.pdf , page10 used on input line 160.
(pdftex.def)             Requested size: 597.53416pt x 845.08372pt.
File: refman.pdf Graphic file (type pdf)
<use refman.pdf, page 10>
Package pdftex.def Info: refman.pdf , page10 used on input line 160.
(pdftex.def)             Requested size: 597.53416pt x 845.08372pt.
File: refman.pdf Graphic file (type pdf)
<use refman.pdf, page 10>
Package pdftex.def Info: refman.pdf , page10 used on input line 160.
(pdftex.def)             Requested size: 597.53416pt x 845.08372pt.
 [27 <./refman.pdf>]
<refman.pdf, id=1038, page=11, 597.50829pt x 845.0471pt>
File: refman.pdf Graphic file (type pdf)
<use refman.pdf, page 11>
Package pdftex.def Info: refman.pdf , page11 used on input line 160.
(pdftex.def)             Requested size: 597.53416pt x 845.08372pt.
File: refman.pdf Graphic file (type pdf)
<use refman.pdf, page 11>
Package pdftex.def Info: refman.pdf , page11 used on input line 160.
(pdftex.def)             Requested size: 597.53416pt x 845.08372pt.
File: refman.pdf Graphic file (type pdf)
<use refman.pdf, page 11>
Package pdftex.def Info: refman.pdf , page11 used on input line 160.
(pdftex.def)             Requested size: 597.53416pt x 845.08372pt.
 [28 <./refman.pdf>]
<refman.pdf, id=1043, page=12, 597.50829pt x 845.0471pt>
File: refman.pdf Graphic file (type pdf)
<use refman.pdf, page 12>
Package pdftex.def Info: refman.pdf , page12 used on input line 160.
(pdftex.def)             Requested size: 597.53416pt x 845.08372pt.
File: refman.pdf Graphic file (type pdf)
<use refman.pdf, page 12>
Package pdftex.def Info: refman.pdf , page12 used on input line 160.
(pdftex.def)             Requested size: 597.53416pt x 845.08372pt.
File: refman.pdf Graphic file (type pdf)
<use refman.pdf, page 12>
Package pdftex.def Info: refman.pdf , page12 used on input line 160.
(pdftex.def)             Requested size: 597.53416pt x 845.08372pt.
 [29 <./refman.pdf>]
<refman.pdf, id=1048, page=13, 597.50829pt x 845.0471pt>
File: refman.pdf Graphic file (type pdf)
<use refman.pdf, page 13>
Package pdftex.def Info: refman.pdf , page13 used on input line 160.
(pdftex.def)             Requested size: 597.53416pt x 845.08372pt.
File: refman.pdf Graphic file (type pdf)
<use refman.pdf, page 13>
Package pdftex.def Info: refman.pdf , page13 used on input line 160.
(pdftex.def)             Requested size: 597.53416pt x 845.08372pt.
File: refman.pdf Graphic file (type pdf)
<use refman.pdf, page 13>
Package pdftex.def Info: refman.pdf , page13 used on input line 160.
(pdftex.def)             Requested size: 597.53416pt x 845.08372pt.
 [30 <./refman.pdf>]
<refman.pdf, id=1053, page=14, 597.50829pt x 845.0471pt>
File: refman.pdf Graphic file (type pdf)
<use refman.pdf, page 14>
Package pdftex.def Info: refman.pdf , page14 used on input line 160.
(pdftex.def)             Requested size: 597.53416pt x 845.08372pt.
File: refman.pdf Graphic file (type pdf)
<use refman.pdf, page 14>
Package pdftex.def Info: refman.pdf , page14 used on input line 160.
(pdftex.def)             Requested size: 597.53416pt x 845.08372pt.
File: refman.pdf Graphic file (type pdf)
<use refman.pdf, page 14>
Package pdftex.def Info: refman.pdf , page14 used on input line 160.
(pdftex.def)             Requested size: 597.53416pt x 845.08372pt.
 [31 <./refman.pdf>]
<refman.pdf, id=1059, page=15, 597.50829pt x 845.0471pt>
File: refman.pdf Graphic file (type pdf)
<use refman.pdf, page 15>
Package pdftex.def Info: refman.pdf , page15 used on input line 160.
(pdftex.def)             Requested size: 597.53416pt x 845.08372pt.
File: refman.pdf Graphic file (type pdf)
<use refman.pdf, page 15>
Package pdftex.def Info: refman.pdf , page15 used on input line 160.
(pdftex.def)             Requested size: 597.53416pt x 845.08372pt.
File: refman.pdf Graphic file (type pdf)
<use refman.pdf, page 15>
Package pdftex.def Info: refman.pdf , page15 used on input line 160.
(pdftex.def)             Requested size: 597.53416pt x 845.08372pt.
 [32 <./refman.pdf>]
Package atveryend Info: Empty hook `BeforeClearDocument' on input line 163.
Package atveryend Info: Empty hook `AfterLastShipout' on input line 163.
 (Abgabe.aux)
Package atveryend Info: Executing hook `AtVeryEndDocument' on input line 163.
Package atveryend Info: Executing hook `AtEndAfterFileList' on input line 163.
Package rerunfilecheck Info: File `Abgabe.out' has not changed.
(rerunfilecheck)             Checksum: D41D8CD98F00B204E9800998ECF8427E;0.
Package atveryend Info: Empty hook `AtVeryVeryEnd' on input line 163.
 ) 
Here is how much of TeX's memory you used:
 16043 strings out of 492452
 262239 string characters out of 3119596
 762725 words of memory out of 3000000
 19333 multiletter control sequences out of 15000+200000
 12242 words of font info for 47 fonts, out of 3000000 for 9000
 1141 hyphenation exceptions out of 8191
 50i,18n,70p,10131b,2404s stack positions out of 5000i,500n,10000p,200000b,50000s
<C:/Users/Daniel/AppData/Local/Programs/MiKTeX 2.9/fonts/type1/public/amsfont
s/cm/cmmi10.pfb><C:/Users/Daniel/AppData/Local/Programs/MiKTeX 2.9/fonts/type1/
public/amsfonts/cm/cmr12.pfb><C:/Users/Daniel/AppData/Local/Programs/MiKTeX 2.9
/fonts/type1/public/amsfonts/cm/cmr17.pfb><C:/Users/Daniel/AppData/Local/Progra
ms/MiKTeX 2.9/fonts/type1/public/amsfonts/cm/cmr8.pfb><C:/Users/Daniel/AppData/
Local/Programs/MiKTeX 2.9/fonts/type1/public/amsfonts/cm/cmsl12.pfb><C:/Users/D
aniel/AppData/Local/Programs/MiKTeX 2.9/fonts/type1/public/amsfonts/cm/cmssbx10
.pfb><C:/Users/Daniel/AppData/Local/Programs/MiKTeX 2.9/fonts/type1/public/amsf
onts/cm/cmsy10.pfb><C:/Users/Daniel/AppData/Local/Programs/MiKTeX 2.9/fonts/typ
e1/public/amsfonts/cm/cmtt8.pfb><C:/Users/Daniel/AppData/Local/Programs/MiKTeX 
2.9/fonts/type1/urw/courier/ucrr8a.pfb><C:/Users/Daniel/AppData/Local/Programs/
MiKTeX 2.9/fonts/type1/urw/courier/ucrro8a.pfb><C:/Users/Daniel/AppData/Local/P
rograms/MiKTeX 2.9/fonts/type1/urw/helvetic/uhvb8a.pfb><C:/Users/Daniel/AppData
/Local/Programs/MiKTeX 2.9/fonts/type1/urw/helvetic/uhvb8ac.pfb><C:/Users/Danie
l/AppData/Local/Programs/MiKTeX 2.9/fonts/type1/urw/helvetic/uhvr8a.pfb><C:/Use
rs/Daniel/AppData/Local/Programs/MiKTeX 2.9/fonts/type1/urw/helvetic/uhvro8a.pf
b><C:/Users/Daniel/AppData/Local/Programs/MiKTeX 2.9/fonts/type1/urw/times/utmb
8a.pfb><C:/Users/Daniel/AppData/Local/Programs/MiKTeX 2.9/fonts/type1/urw/times
/utmbi8a.pfb><C:/Users/Daniel/AppData/Local/Programs/MiKTeX 2.9/fonts/type1/urw
/times/utmr8a.pfb>
Output written on Abgabe.pdf (32 pages, 1383678 bytes).
PDF statistics:
 1390 PDF objects out of 1440 (max. 8388607)
 801 named destinations out of 1000 (max. 500000)
 445 words of extra memory for PDF output out of 10000 (max. 10000000)

