c:\users\vikto\onedrive\dokumente\fh\semester3\sdp\exersice4\symbolparser\symbolparser\debug\vc142.pdb
c:\users\vikto\onedrive\dokumente\fh\semester3\sdp\exersice4\symbolparser\symbolparser\debug\vc142.idb
c:\users\vikto\onedrive\dokumente\fh\semester3\sdp\exersice4\symbolparser\symbolparser\debug\testdriver.obj
c:\users\vikto\onedrive\dokumente\fh\semester3\sdp\exersice4\symbolparser\symbolparser\debug\iecsymbolfactory.obj
c:\users\vikto\onedrive\dokumente\fh\semester3\sdp\exersice4\symbolparser\symbolparser\debug\symbolparser.obj
c:\users\vikto\onedrive\dokumente\fh\semester3\sdp\exersice4\symbolparser\symbolparser\debug\javasymbolfactory.obj
c:\users\vikto\onedrive\dokumente\fh\semester3\sdp\exersice4\symbolparser\symbolparser\debug\symbolfactory.obj
c:\users\vikto\onedrive\dokumente\fh\semester3\sdp\exersice4\symbolparser\symbolparser\debug\symbolfactory.sbr
c:\users\vikto\onedrive\dokumente\fh\semester3\sdp\exersice4\symbolparser\symbolparser\debug\symbolparser.sbr
c:\users\vikto\onedrive\dokumente\fh\semester3\sdp\exersice4\symbolparser\symbolparser\debug\testdriver.sbr
c:\users\vikto\onedrive\dokumente\fh\semester3\sdp\exersice4\symbolparser\symbolparser\debug\iecsymbolfactory.sbr
c:\users\vikto\onedrive\dokumente\fh\semester3\sdp\exersice4\symbolparser\symbolparser\debug\javasymbolfactory.sbr
c:\users\vikto\onedrive\dokumente\fh\semester3\sdp\exersice4\symbolparser\debug\symbolparser.exe
c:\users\vikto\onedrive\dokumente\fh\semester3\sdp\exersice4\symbolparser\debug\symbolparser.ilk
c:\users\vikto\onedrive\dokumente\fh\semester3\sdp\exersice4\symbolparser\debug\symbolparser.pdb
c:\users\vikto\onedrive\dokumente\fh\semester3\sdp\exersice4\symbolparser\symbolparser\debug\symbolfactory.new.obj.enc
c:\users\vikto\onedrive\dokumente\fh\semester3\sdp\exersice4\symbolparser\symbolparser\debug\symbolparser.obj.enc
c:\users\vikto\onedrive\dokumente\fh\semester3\sdp\exersice4\symbolparser\debug\symbolparser.bsc
c:\users\vikto\onedrive\dokumente\fh\semester3\sdp\exersice4\symbolparser\symbolparser\debug\symbolparser.tlog\bscmake.command.1.tlog
c:\users\vikto\onedrive\dokumente\fh\semester3\sdp\exersice4\symbolparser\symbolparser\debug\symbolparser.tlog\bscmake.read.1.tlog
c:\users\vikto\onedrive\dokumente\fh\semester3\sdp\exersice4\symbolparser\symbolparser\debug\symbolparser.tlog\cl.command.1.tlog
c:\users\vikto\onedrive\dokumente\fh\semester3\sdp\exersice4\symbolparser\symbolparser\debug\symbolparser.tlog\cl.read.1.tlog
c:\users\vikto\onedrive\dokumente\fh\semester3\sdp\exersice4\symbolparser\symbolparser\debug\symbolparser.tlog\cl.write.1.tlog
c:\users\vikto\onedrive\dokumente\fh\semester3\sdp\exersice4\symbolparser\symbolparser\debug\symbolparser.tlog\link.command.1.tlog
c:\users\vikto\onedrive\dokumente\fh\semester3\sdp\exersice4\symbolparser\symbolparser\debug\symbolparser.tlog\link.read.1.tlog
c:\users\vikto\onedrive\dokumente\fh\semester3\sdp\exersice4\symbolparser\symbolparser\debug\symbolparser.tlog\link.write.1.tlog
